<?xml version="1.0" encoding="UTF-8"?>
<testsuite xmlns:xsi="http://www.w3.org/2001/XMLSchema-instance" xsi:schemaLocation="https://maven.apache.org/surefire/maven-surefire-plugin/xsd/surefire-test-report.xsd" name="de.bund.bva.isyfact.benutzerverwaltung.sicherheit.BenutzerverwaltungAccessManagerTest" time="2.504" tests="12" errors="0" skipped="0" failures="0">
  <properties>
    <property name="idea.version" value="2016.2.5"/>
    <property name="java.runtime.name" value="Java(TM) SE Runtime Environment"/>
    <property name="sun.boot.library.path" value="/usr/lib/jvm/java-8-oracle/jre/lib/amd64"/>
    <property name="java.vm.version" value="25.111-b14"/>
    <property name="java.vm.vendor" value="Oracle Corporation"/>
    <property name="maven.multiModuleProjectDirectory" value="/home/developer/Projekte/msg/isy-benutzerverwaltung"/>
    <property name="java.vendor.url" value="http://java.oracle.com/"/>
    <property name="path.separator" value=":"/>
    <property name="guice.disable.misplaced.annotation.check" value="true"/>
    <property name="java.vm.name" value="Java HotSpot(TM) 64-Bit Server VM"/>
    <property name="file.encoding.pkg" value="sun.io"/>
    <property name="idea.launcher.port" value="7532"/>
    <property name="user.country" value="DE"/>
    <property name="sun.java.launcher" value="SUN_STANDARD"/>
    <property name="sun.os.patch.level" value="unknown"/>
    <property name="java.vm.specification.name" value="Java Virtual Machine Specification"/>
    <property name="user.dir" value="/home/developer/Projekte/msg/isy-benutzerverwaltung"/>
    <property name="java.runtime.version" value="1.8.0_111-b14"/>
    <property name="java.awt.graphicsenv" value="sun.awt.X11GraphicsEnvironment"/>
    <property name="java.endorsed.dirs" value="/usr/lib/jvm/java-8-oracle/jre/lib/endorsed"/>
    <property name="os.arch" value="amd64"/>
    <property name="java.io.tmpdir" value="/tmp"/>
    <property name="line.separator" value="&#10;"/>
    <property name="java.vm.specification.vendor" value="Oracle Corporation"/>
    <property name="os.name" value="Linux"/>
    <property name="classworlds.conf" value="/opt/apache-maven-3.3.9/bin/m2.conf"/>
    <property name="sun.jnu.encoding" value="UTF-8"/>
    <property name="java.library.path" value="/home/developer/.local/share/JetBrains/Toolbox/apps/IDEA-U/ch-0/162.2228.15/bin:share/jetbrains-toolbox:/usr/java/packages/lib/amd64:/usr/lib64:/lib64:/lib:/usr/lib"/>
    <property name="java.specification.name" value="Java Platform API Specification"/>
    <property name="java.class.version" value="52.0"/>
    <property name="sun.management.compiler" value="HotSpot 64-Bit Tiered Compilers"/>
    <property name="os.version" value="4.4.0-31-generic"/>
    <property name="user.home" value="/home/developer"/>
    <property name="user.timezone" value="Europe/Berlin"/>
    <property name="java.awt.printerjob" value="sun.print.PSPrinterJob"/>
    <property name="java.specification.version" value="1.8"/>
    <property name="idea.launcher.bin.path" value="/home/developer/.local/share/JetBrains/Toolbox/apps/IDEA-U/ch-0/162.2228.15/bin"/>
    <property name="file.encoding" value="UTF-8"/>
    <property name="user.name" value="developer"/>
    <property name="java.class.path" value="/opt/apache-maven-3.3.9/boot/plexus-classworlds-2.5.2.jar:/home/developer/.local/share/JetBrains/Toolbox/apps/IDEA-U/ch-0/162.2228.15/lib/idea_rt.jar"/>
    <property name="java.vm.specification.version" value="1.8"/>
    <property name="sun.arch.data.model" value="64"/>
    <property name="java.home" value="/usr/lib/jvm/java-8-oracle/jre"/>
    <property name="sun.java.command" value="com.intellij.rt.execution.application.AppMain org.codehaus.classworlds.Launcher -Didea.version=2016.2.5 install"/>
    <property name="java.specification.vendor" value="Oracle Corporation"/>
    <property name="user.language" value="de"/>
    <property name="awt.toolkit" value="sun.awt.X11.XToolkit"/>
    <property name="java.vm.info" value="mixed mode"/>
    <property name="java.version" value="1.8.0_111"/>
    <property name="java.ext.dirs" value="/usr/lib/jvm/java-8-oracle/jre/lib/ext:/usr/java/packages/lib/ext"/>
    <property name="securerandom.source" value="file:/dev/./urandom"/>
    <property name="sun.boot.class.path" value="/usr/lib/jvm/java-8-oracle/jre/lib/resources.jar:/usr/lib/jvm/java-8-oracle/jre/lib/rt.jar:/usr/lib/jvm/java-8-oracle/jre/lib/sunrsasign.jar:/usr/lib/jvm/java-8-oracle/jre/lib/jsse.jar:/usr/lib/jvm/java-8-oracle/jre/lib/jce.jar:/usr/lib/jvm/java-8-oracle/jre/lib/charsets.jar:/usr/lib/jvm/java-8-oracle/jre/lib/jfr.jar:/usr/lib/jvm/java-8-oracle/jre/classes"/>
    <property name="java.vendor" value="Oracle Corporation"/>
    <property name="maven.home" value="/opt/apache-maven-3.3.9"/>
    <property name="file.separator" value="/"/>
    <property name="java.vendor.url.bug" value="http://bugreport.sun.com/bugreport/"/>
    <property name="sun.cpu.endian" value="little"/>
    <property name="sun.io.unicode.encoding" value="UnicodeLittle"/>
    <property name="sun.cpu.isalist" value=""/>
  </properties>
  <testcase name="testAuthentifizierungFehlerFalscherName" classname="de.bund.bva.isyfact.benutzerverwaltung.sicherheit.BenutzerverwaltungAccessManagerTest" time="0.185"/>
  <testcase name="testAuthentifizierungErfolgreich" classname="de.bund.bva.isyfact.benutzerverwaltung.sicherheit.BenutzerverwaltungAccessManagerTest" time="0.183"/>
  <testcase name="testBenutzerDeaktiviert" classname="de.bund.bva.isyfact.benutzerverwaltung.sicherheit.BenutzerverwaltungAccessManagerTest" time="0.117"/>
  <testcase name="logoutTest" classname="de.bund.bva.isyfact.benutzerverwaltung.sicherheit.BenutzerverwaltungAccessManagerTest" time="0.157"/>
  <testcase name="testAuthentifizierungFehlerNullName" classname="de.bund.bva.isyfact.benutzerverwaltung.sicherheit.BenutzerverwaltungAccessManagerTest" time="0.092"/>
  <testcase name="testInkrementAnzahlFehlversuche" classname="de.bund.bva.isyfact.benutzerverwaltung.sicherheit.BenutzerverwaltungAccessManagerTest" time="0.537"/>
  <testcase name="testAuthentifizierungFehlgeschlagenFalschesPasswort" classname="de.bund.bva.isyfact.benutzerverwaltung.sicherheit.BenutzerverwaltungAccessManagerTest" time="0.16"/>
  <testcase name="testAuthentifizierungErfolgreichMitHash" classname="de.bund.bva.isyfact.benutzerverwaltung.sicherheit.BenutzerverwaltungAccessManagerTest" time="0.085"/>
  <testcase name="testAuthentifizierungFehlerKeinPasswort" classname="de.bund.bva.isyfact.benutzerverwaltung.sicherheit.BenutzerverwaltungAccessManagerTest" time="0.08"/>
  <testcase name="testPasswortAenderung" classname="de.bund.bva.isyfact.benutzerverwaltung.sicherheit.BenutzerverwaltungAccessManagerTest" time="0.666"/>
  <testcase name="testAuthentifizierungFehlerNullPasswort" classname="de.bund.bva.isyfact.benutzerverwaltung.sicherheit.BenutzerverwaltungAccessManagerTest" time="0.08"/>
  <testcase name="testAuthentifizierungFehlerKeinName" classname="de.bund.bva.isyfact.benutzerverwaltung.sicherheit.BenutzerverwaltungAccessManagerTest" time="0.082"/>
</testsuite>